app/build/outputs/apk/manifest-merger-debug-report.txt
-- Merging decision tree log ---
manifest
ADDED from AndroidManifest.xml:2:1
	android:sharedUserId
		ADDED from AndroidManifest.xml:3:51
	xmlns:android
		ADDED from AndroidManifest.xml:2:11
	package
		ADDED from AndroidManifest.xml:3:5
		INJECTED from AndroidManifest.xml:0:0
		INJECTED from AndroidManifest.xml:0:0
	android:versionName
		ADDED from AndroidManifest.xml:5:5
	android:versionCode
		ADDED from AndroidManifest.xml:5:32
		INJECTED from AndroidManifest.xml:0:0
		INJECTED from AndroidManifest.xml:0:0
	android:installLocation
		ADDED from AndroidManifest.xml:4:5
uses-permission#android.permission.VIBRATE
ADDED from AndroidManifest.xml:6:5
	android:name
		ADDED from AndroidManifest.xml:6:22
uses-permission#android.permission.WRITE_EXTERNAL_STORAGE
ADDED from AndroidManifest.xml:7:5
	android:name
		ADDED from AndroidManifest.xml:7:22
uses-permission#android.permission.READ_EXTERNAL_STORAGE
ADDED from AndroidManifest.xml:8:5
	android:name
		ADDED from AndroidManifest.xml:8:22
application
ADDED from AndroidManifest.xml:9:2
	android:label
		ADDED from AndroidManifest.xml:9:45
	android:icon
		ADDED from AndroidManifest.xml:9:15
activity#com.markuspage.android.atimetracker.Tasks
ADDED from AndroidManifest.xml:11:3
	android:label
		ADDED from AndroidManifest.xml:11:35
	android:name
		ADDED from AndroidManifest.xml:11:13
intent-filter#android.intent.action.MAIN+android.intent.category.LAUNCHER
ADDED from AndroidManifest.xml:12:4
action#android.intent.action.MAIN
ADDED from AndroidManifest.xml:13:5
	android:name
		ADDED from AndroidManifest.xml:13:13
category#android.intent.category.LAUNCHER
ADDED from AndroidManifest.xml:14:5
	android:name
		ADDED from AndroidManifest.xml:14:15
activity#com.markuspage.android.atimetracker.TaskTimes
ADDED from AndroidManifest.xml:18:3
	android:label
		ADDED from AndroidManifest.xml:18:39
	android:name
		ADDED from AndroidManifest.xml:18:13
intent-filter#android.intent.action.VIEW+android.intent.category.DEFAULT
ADDED from AndroidManifest.xml:19:4
action#android.intent.action.VIEW
ADDED from AndroidManifest.xml:20:5
	android:name
		ADDED from AndroidManifest.xml:20:13
category#android.intent.category.DEFAULT
ADDED from AndroidManifest.xml:21:5
	android:name
		ADDED from AndroidManifest.xml:21:15
activity#com.markuspage.android.atimetracker.EditTime
ADDED from AndroidManifest.xml:25:3
	android:label
		ADDED from AndroidManifest.xml:25:38
	android:name
		ADDED from AndroidManifest.xml:25:13
activity#com.markuspage.android.atimetracker.Report
ADDED from AndroidManifest.xml:32:3
	android:label
		ADDED from AndroidManifest.xml:32:36
	android:name
		ADDED from AndroidManifest.xml:32:13
activity#com.markuspage.android.atimetracker.Settings
ADDED from AndroidManifest.xml:39:3
	android:label
		ADDED from AndroidManifest.xml:39:38
	android:name
		ADDED from AndroidManifest.xml:39:13
uses-sdk
ADDED from AndroidManifest.xml:47:3
	android:targetSdkVersion
		ADDED from AndroidManifest.xml:47:39
		INJECTED from AndroidManifest.xml:0:0
		INJECTED from AndroidManifest.xml:0:0
	android:minSdkVersion
		ADDED from AndroidManifest.xml:47:13
		INJECTED from AndroidManifest.xml:0:0
		INJECTED from AndroidManifest.xml:0:0